<?xml version="1.0" encoding="UTF-8"?>
<!-- Generated by org.testng.reporters.JUnitReportReporter -->
<testsuite skipped="0" hostname="vaibhav-Latitude-3550" name="com.reports.testcases.TestFinancialRevenueReportBuilder" tests="59" failures="4" timestamp="26 Apr 2019 12:13:48 GMT" time="489.180" errors="0">
  <testcase name="test3MonthPdf" time="0.317" classname="com.reports.testcases.TestFinancialRevenueReportBuilder"/>
  <testcase name="test3MonthCsv" time="0.241" classname="com.reports.testcases.TestFinancialRevenueReportBuilder"/>
  <testcase name="test3MonthText" time="0.213" classname="com.reports.testcases.TestFinancialRevenueReportBuilder"/>
  <testcase name="testDateFieldsBlank_pdf" time="0.227" classname="com.reports.testcases.TestFinancialRevenueReportBuilder"/>
  <testcase name="testDateFieldsBlank_csv" time="0.165" classname="com.reports.testcases.TestFinancialRevenueReportBuilder"/>
  <testcase name="testDateFieldsBlank_text" time="0.162" classname="com.reports.testcases.TestFinancialRevenueReportBuilder"/>
  <testcase name="testFromDateFieldBlank_pdf" time="0.179" classname="com.reports.testcases.TestFinancialRevenueReportBuilder"/>
  <testcase name="testToDateFieldBlank_pdf" time="0.171" classname="com.reports.testcases.TestFinancialRevenueReportBuilder"/>
  <testcase name="testFromDateFieldBlank_cvs" time="0.182" classname="com.reports.testcases.TestFinancialRevenueReportBuilder"/>
  <testcase name="testToDateFieldBlank_cvs" time="0.174" classname="com.reports.testcases.TestFinancialRevenueReportBuilder"/>
  <testcase name="testFromDateFieldBlank_text" time="0.200" classname="com.reports.testcases.TestFinancialRevenueReportBuilder"/>
  <testcase name="testToDateFieldBlank_text" time="0.163" classname="com.reports.testcases.TestFinancialRevenueReportBuilder"/>
  <testcase name="testDateFieldsBlank_favSaveButton" time="0.217" classname="com.reports.testcases.TestFinancialRevenueReportBuilder"/>
  <testcase name="testFromDateFieldBlank_favSaveButton" time="0.214" classname="com.reports.testcases.TestFinancialRevenueReportBuilder"/>
  <testcase name="testToDateFieldBlank_favSaveButton" time="0.230" classname="com.reports.testcases.TestFinancialRevenueReportBuilder"/>
  <testcase name="checkForThisFinancialYear" time="0.140" classname="com.reports.testcases.TestFinancialRevenueReportBuilder"/>
  <testcase name="checkForPreviousFinancialYear" time="0.126" classname="com.reports.testcases.TestFinancialRevenueReportBuilder"/>
  <testcase name="verifyDateFieldsForYesterdayOptions" time="0.621" classname="com.reports.testcases.TestFinancialRevenueReportBuilder"/>
  <testcase name="verifyDateFieldsForTodayOptions" time="0.321" classname="com.reports.testcases.TestFinancialRevenueReportBuilder"/>
  <testcase name="verifyDateFieldsForPreviousMonthOptions" time="0.337" classname="com.reports.testcases.TestFinancialRevenueReportBuilder"/>
  <testcase name="verifyDateFieldsForThisMonthOptions" time="0.337" classname="com.reports.testcases.TestFinancialRevenueReportBuilder"/>
  <testcase name="verifyDateFieldsForFromPastToFuture_pdf" time="0.164" classname="com.reports.testcases.TestFinancialRevenueReportBuilder"/>
  <testcase name="verifyDateFieldsForFromPastToFuture_csv" time="0.164" classname="com.reports.testcases.TestFinancialRevenueReportBuilder"/>
  <testcase name="verifyDateFieldsForFromPastToFuture_text" time="0.167" classname="com.reports.testcases.TestFinancialRevenueReportBuilder"/>
  <testcase name="verifyDateFieldsForFromPastToFuture_fav" time="0.211" classname="com.reports.testcases.TestFinancialRevenueReportBuilder"/>
  <testcase name="vreifyForYesterdaysDateOnReFreshing" time="51.349" classname="com.reports.testcases.TestFinancialRevenueReportBuilder"/>
  <testcase name="checkAutoCustomDateOption" time="0.725" classname="com.reports.testcases.TestFinancialRevenueReportBuilder"/>
  <testcase name="verifyAllowedReportDurationDropdown" time="0.515" classname="com.reports.testcases.TestFinancialRevenueReportBuilder"/>
  <testcase name="verifyAllowedReportDurationDropdown" time="0.566" classname="com.reports.testcases.TestFinancialRevenueReportBuilder"/>
  <testcase name="verifyAllowedReportDurationDropdown" time="0.518" classname="com.reports.testcases.TestFinancialRevenueReportBuilder"/>
  <testcase name="verifyAllowedReportDurationDropdown" time="0.509" classname="com.reports.testcases.TestFinancialRevenueReportBuilder"/>
  <testcase name="pdfTest" time="28.091" classname="com.reports.testcases.TestFinancialRevenueReportBuilder"/>
  <testcase name="pdfTest" time="25.593" classname="com.reports.testcases.TestFinancialRevenueReportBuilder"/>
  <testcase name="pdfTest" time="25.719" classname="com.reports.testcases.TestFinancialRevenueReportBuilder"/>
  <testcase name="pdfTest" time="1.168" classname="com.reports.testcases.TestFinancialRevenueReportBuilder"/>
  <testcase name="pdfTest" time="1.122" classname="com.reports.testcases.TestFinancialRevenueReportBuilder"/>
  <testcase name="pdfTest" time="1.361" classname="com.reports.testcases.TestFinancialRevenueReportBuilder"/>
  <testcase name="pdfTest" time="1.206" classname="com.reports.testcases.TestFinancialRevenueReportBuilder"/>
  <testcase name="pdfTest" time="26.861" classname="com.reports.testcases.TestFinancialRevenueReportBuilder"/>
  <testcase name="createFavouritesForAllowedReportDurationoption" time="10.855" classname="com.reports.testcases.TestFinancialRevenueReportBuilder"/>
  <testcase name="createFavouritesForAllowedReportDurationoption" time="14.383" classname="com.reports.testcases.TestFinancialRevenueReportBuilder"/>
  <testcase name="createFavouritesForAllowedReportDurationoption" time="10.699" classname="com.reports.testcases.TestFinancialRevenueReportBuilder"/>
  <testcase name="createFavouritesForAllowedReportDurationoption" time="10.381" classname="com.reports.testcases.TestFinancialRevenueReportBuilder"/>
  <testcase name="checkFavouriteReportsForDefaultDate_option1" time="55.342" classname="com.reports.testcases.TestFinancialRevenueReportBuilder">
    <failure type="java.lang.AssertionError" message="expected [true] but found [false]">
      <![CDATA[java.lang.AssertionError: expected [true] but found [false]
at org.testng.Assert.fail(Assert.java:96)
at org.testng.Assert.failNotEquals(Assert.java:776)
at org.testng.Assert.assertEqualsImpl(Assert.java:137)
at org.testng.Assert.assertEquals(Assert.java:118)
at org.testng.Assert.assertEquals(Assert.java:568)
at org.testng.Assert.assertEquals(Assert.java:578)
at com.reports.testcases.TestFinancialRevenueReportBuilder.checkFavouriteReportsForDefaultDate_option1(TestFinancialRevenueReportBuilder.java:293)
at sun.reflect.NativeMethodAccessorImpl.invoke0(Native Method)
at sun.reflect.NativeMethodAccessorImpl.invoke(NativeMethodAccessorImpl.java:62)
at sun.reflect.DelegatingMethodAccessorImpl.invoke(DelegatingMethodAccessorImpl.java:43)
at java.lang.reflect.Method.invoke(Method.java:498)
at org.testng.internal.MethodInvocationHelper.invokeMethod(MethodInvocationHelper.java:124)
at org.testng.internal.Invoker.invokeMethod(Invoker.java:583)
at org.testng.internal.Invoker.invokeTestMethod(Invoker.java:719)
at org.testng.internal.Invoker.invokeTestMethods(Invoker.java:989)
at org.testng.internal.TestMethodWorker.invokeTestMethods(TestMethodWorker.java:125)
at org.testng.internal.TestMethodWorker.run(TestMethodWorker.java:109)
at org.testng.TestRunner.privateRun(TestRunner.java:648)
at org.testng.TestRunner.run(TestRunner.java:505)
at org.testng.SuiteRunner.runTest(SuiteRunner.java:455)
at org.testng.SuiteRunner.runSequentially(SuiteRunner.java:450)
at org.testng.SuiteRunner.privateRun(SuiteRunner.java:415)
at org.testng.SuiteRunner.run(SuiteRunner.java:364)
at org.testng.SuiteRunnerWorker.runSuite(SuiteRunnerWorker.java:52)
at org.testng.SuiteRunnerWorker.run(SuiteRunnerWorker.java:84)
at org.testng.TestNG.runSuitesSequentially(TestNG.java:1208)
at org.testng.TestNG.runSuitesLocally(TestNG.java:1137)
at org.testng.TestNG.runSuites(TestNG.java:1049)
at org.testng.TestNG.run(TestNG.java:1017)
at org.testng.remote.AbstractRemoteTestNG.run(AbstractRemoteTestNG.java:115)
at org.testng.remote.RemoteTestNG.initAndRun(RemoteTestNG.java:251)
at org.testng.remote.RemoteTestNG.main(RemoteTestNG.java:77)
]]>
    </failure>
  </testcase> <!-- checkFavouriteReportsForDefaultDate_option1 -->
  <testcase name="checkFavouriteReportsForDefaultDate_option2" time="54.694" classname="com.reports.testcases.TestFinancialRevenueReportBuilder">
    <failure type="java.lang.AssertionError" message="expected [true] but found [false]">
      <![CDATA[java.lang.AssertionError: expected [true] but found [false]
at org.testng.Assert.fail(Assert.java:96)
at org.testng.Assert.failNotEquals(Assert.java:776)
at org.testng.Assert.assertEqualsImpl(Assert.java:137)
at org.testng.Assert.assertEquals(Assert.java:118)
at org.testng.Assert.assertEquals(Assert.java:568)
at org.testng.Assert.assertEquals(Assert.java:578)
at com.reports.testcases.TestFinancialRevenueReportBuilder.checkFavouriteReportsForDefaultDate_option2(TestFinancialRevenueReportBuilder.java:301)
at sun.reflect.NativeMethodAccessorImpl.invoke0(Native Method)
at sun.reflect.NativeMethodAccessorImpl.invoke(NativeMethodAccessorImpl.java:62)
at sun.reflect.DelegatingMethodAccessorImpl.invoke(DelegatingMethodAccessorImpl.java:43)
at java.lang.reflect.Method.invoke(Method.java:498)
at org.testng.internal.MethodInvocationHelper.invokeMethod(MethodInvocationHelper.java:124)
at org.testng.internal.Invoker.invokeMethod(Invoker.java:583)
at org.testng.internal.Invoker.invokeTestMethod(Invoker.java:719)
at org.testng.internal.Invoker.invokeTestMethods(Invoker.java:989)
at org.testng.internal.TestMethodWorker.invokeTestMethods(TestMethodWorker.java:125)
at org.testng.internal.TestMethodWorker.run(TestMethodWorker.java:109)
at org.testng.TestRunner.privateRun(TestRunner.java:648)
at org.testng.TestRunner.run(TestRunner.java:505)
at org.testng.SuiteRunner.runTest(SuiteRunner.java:455)
at org.testng.SuiteRunner.runSequentially(SuiteRunner.java:450)
at org.testng.SuiteRunner.privateRun(SuiteRunner.java:415)
at org.testng.SuiteRunner.run(SuiteRunner.java:364)
at org.testng.SuiteRunnerWorker.runSuite(SuiteRunnerWorker.java:52)
at org.testng.SuiteRunnerWorker.run(SuiteRunnerWorker.java:84)
at org.testng.TestNG.runSuitesSequentially(TestNG.java:1208)
at org.testng.TestNG.runSuitesLocally(TestNG.java:1137)
at org.testng.TestNG.runSuites(TestNG.java:1049)
at org.testng.TestNG.run(TestNG.java:1017)
at org.testng.remote.AbstractRemoteTestNG.run(AbstractRemoteTestNG.java:115)
at org.testng.remote.RemoteTestNG.initAndRun(RemoteTestNG.java:251)
at org.testng.remote.RemoteTestNG.main(RemoteTestNG.java:77)
]]>
    </failure>
  </testcase> <!-- checkFavouriteReportsForDefaultDate_option2 -->
  <testcase name="checkFavouriteReportsForDefaultDate_option3" time="54.022" classname="com.reports.testcases.TestFinancialRevenueReportBuilder">
    <failure type="java.lang.AssertionError" message="expected [true] but found [false]">
      <![CDATA[java.lang.AssertionError: expected [true] but found [false]
at org.testng.Assert.fail(Assert.java:96)
at org.testng.Assert.failNotEquals(Assert.java:776)
at org.testng.Assert.assertEqualsImpl(Assert.java:137)
at org.testng.Assert.assertEquals(Assert.java:118)
at org.testng.Assert.assertEquals(Assert.java:568)
at org.testng.Assert.assertEquals(Assert.java:578)
at com.reports.testcases.TestFinancialRevenueReportBuilder.checkFavouriteReportsForDefaultDate_option3(TestFinancialRevenueReportBuilder.java:309)
at sun.reflect.NativeMethodAccessorImpl.invoke0(Native Method)
at sun.reflect.NativeMethodAccessorImpl.invoke(NativeMethodAccessorImpl.java:62)
at sun.reflect.DelegatingMethodAccessorImpl.invoke(DelegatingMethodAccessorImpl.java:43)
at java.lang.reflect.Method.invoke(Method.java:498)
at org.testng.internal.MethodInvocationHelper.invokeMethod(MethodInvocationHelper.java:124)
at org.testng.internal.Invoker.invokeMethod(Invoker.java:583)
at org.testng.internal.Invoker.invokeTestMethod(Invoker.java:719)
at org.testng.internal.Invoker.invokeTestMethods(Invoker.java:989)
at org.testng.internal.TestMethodWorker.invokeTestMethods(TestMethodWorker.java:125)
at org.testng.internal.TestMethodWorker.run(TestMethodWorker.java:109)
at org.testng.TestRunner.privateRun(TestRunner.java:648)
at org.testng.TestRunner.run(TestRunner.java:505)
at org.testng.SuiteRunner.runTest(SuiteRunner.java:455)
at org.testng.SuiteRunner.runSequentially(SuiteRunner.java:450)
at org.testng.SuiteRunner.privateRun(SuiteRunner.java:415)
at org.testng.SuiteRunner.run(SuiteRunner.java:364)
at org.testng.SuiteRunnerWorker.runSuite(SuiteRunnerWorker.java:52)
at org.testng.SuiteRunnerWorker.run(SuiteRunnerWorker.java:84)
at org.testng.TestNG.runSuitesSequentially(TestNG.java:1208)
at org.testng.TestNG.runSuitesLocally(TestNG.java:1137)
at org.testng.TestNG.runSuites(TestNG.java:1049)
at org.testng.TestNG.run(TestNG.java:1017)
at org.testng.remote.AbstractRemoteTestNG.run(AbstractRemoteTestNG.java:115)
at org.testng.remote.RemoteTestNG.initAndRun(RemoteTestNG.java:251)
at org.testng.remote.RemoteTestNG.main(RemoteTestNG.java:77)
]]>
    </failure>
  </testcase> <!-- checkFavouriteReportsForDefaultDate_option3 -->
  <testcase name="checkFavouriteReportsForDefaultDate_optionSelect" time="60.060" classname="com.reports.testcases.TestFinancialRevenueReportBuilder">
    <failure type="java.lang.AssertionError" message="expected [true] but found [false]">
      <![CDATA[java.lang.AssertionError: expected [true] but found [false]
at org.testng.Assert.fail(Assert.java:96)
at org.testng.Assert.failNotEquals(Assert.java:776)
at org.testng.Assert.assertEqualsImpl(Assert.java:137)
at org.testng.Assert.assertEquals(Assert.java:118)
at org.testng.Assert.assertEquals(Assert.java:568)
at org.testng.Assert.assertEquals(Assert.java:578)
at com.reports.testcases.TestFinancialRevenueReportBuilder.checkFavouriteReportsForDefaultDate_optionSelect(TestFinancialRevenueReportBuilder.java:319)
at sun.reflect.NativeMethodAccessorImpl.invoke0(Native Method)
at sun.reflect.NativeMethodAccessorImpl.invoke(NativeMethodAccessorImpl.java:62)
at sun.reflect.DelegatingMethodAccessorImpl.invoke(DelegatingMethodAccessorImpl.java:43)
at java.lang.reflect.Method.invoke(Method.java:498)
at org.testng.internal.MethodInvocationHelper.invokeMethod(MethodInvocationHelper.java:124)
at org.testng.internal.Invoker.invokeMethod(Invoker.java:583)
at org.testng.internal.Invoker.invokeTestMethod(Invoker.java:719)
at org.testng.internal.Invoker.invokeTestMethods(Invoker.java:989)
at org.testng.internal.TestMethodWorker.invokeTestMethods(TestMethodWorker.java:125)
at org.testng.internal.TestMethodWorker.run(TestMethodWorker.java:109)
at org.testng.TestRunner.privateRun(TestRunner.java:648)
at org.testng.TestRunner.run(TestRunner.java:505)
at org.testng.SuiteRunner.runTest(SuiteRunner.java:455)
at org.testng.SuiteRunner.runSequentially(SuiteRunner.java:450)
at org.testng.SuiteRunner.privateRun(SuiteRunner.java:415)
at org.testng.SuiteRunner.run(SuiteRunner.java:364)
at org.testng.SuiteRunnerWorker.runSuite(SuiteRunnerWorker.java:52)
at org.testng.SuiteRunnerWorker.run(SuiteRunnerWorker.java:84)
at org.testng.TestNG.runSuitesSequentially(TestNG.java:1208)
at org.testng.TestNG.runSuitesLocally(TestNG.java:1137)
at org.testng.TestNG.runSuites(TestNG.java:1049)
at org.testng.TestNG.run(TestNG.java:1017)
at org.testng.remote.AbstractRemoteTestNG.run(AbstractRemoteTestNG.java:115)
at org.testng.remote.RemoteTestNG.initAndRun(RemoteTestNG.java:251)
at org.testng.remote.RemoteTestNG.main(RemoteTestNG.java:77)
]]>
    </failure>
  </testcase> <!-- checkFavouriteReportsForDefaultDate_optionSelect -->
  <testcase name="switchToTheUser" time="1.348" classname="com.reports.testcases.TestFinancialRevenueReportBuilder"/>
  <testcase name="check1MonthFavPDFReport" time="9.051" classname="com.reports.testcases.TestFinancialRevenueReportBuilder"/>
  <testcase name="check2MonthFavPDFReport" time="9.473" classname="com.reports.testcases.TestFinancialRevenueReportBuilder"/>
  <testcase name="check3MonthFavPDFReport" time="9.375" classname="com.reports.testcases.TestFinancialRevenueReportBuilder"/>
  <testcase name="chekForCorporateOffice" time="0.366" classname="com.reports.testcases.TestFinancialRevenueReportBuilder"/>
  <testcase name="chekForCorporateOffice" time="0.346" classname="com.reports.testcases.TestFinancialRevenueReportBuilder"/>
  <testcase name="chekForCorporateOffice" time="0.380" classname="com.reports.testcases.TestFinancialRevenueReportBuilder"/>
  <testcase name="chekForCorporateOffice" time="0.343" classname="com.reports.testcases.TestFinancialRevenueReportBuilder"/>
  <testcase name="chekForCorporateOffice" time="0.353" classname="com.reports.testcases.TestFinancialRevenueReportBuilder"/>
  <testcase name="chekForCorporateOffice" time="0.346" classname="com.reports.testcases.TestFinancialRevenueReportBuilder"/>
  <testcase name="chekForCorporateOffice" time="0.358" classname="com.reports.testcases.TestFinancialRevenueReportBuilder"/>
  <testcase name="chekForCorporateOffice" time="16.059" classname="com.reports.testcases.TestFinancialRevenueReportBuilder"/>
</testsuite> <!-- com.reports.testcases.TestFinancialRevenueReportBuilder -->
